#BIND_OUTPUT version: 3.0

#JOB_TITLE: 0-7

; ********* Atoms within the unit cell:  *********
# NUMBER OF ATOMS: 
	372
# ATOMIC POSITIONS
   1    C 112.144539 62.203728 106.261887
   2    C 110.904633 62.803047 106.430229
   3    C 110.793671 64.199356 106.588089
   4    C 111.917030 65.017548 106.565727
   5    C 113.160789 64.378754 106.521759
   6    C 113.258568 62.991894 106.324539
   7    H 112.268372 61.128525 106.082512
   8    H 111.742493 66.097939 106.429214
   9    C 109.565453 62.160770 106.348122
  10    C 108.665688 63.328598 106.662994
  11    C 109.385963 64.524292 106.727661
  12    C 107.281151 63.589371 106.812431
  13    C 106.947174 64.915260 107.073967
  14    S 108.371483 65.944298 106.994308
  15    C 114.504669 65.083191 106.513283
  16    C 115.382912 63.811699 106.334045
  17    C 114.639915 62.657463 106.232742
  18    C 116.777977 63.535397 106.201927
  19    C 117.045227 62.204361 105.824913
  20    S 115.521667 61.255074 105.739845
  21    C 105.582047 65.117470 107.267555
  22    S 105.855919 62.557232 106.808800
  23    S 118.258537 64.445251 106.316803
  24    C 118.371635 61.938107 105.593750
  25    C 104.815224 63.940262 107.280510
  26    C 119.269180 63.013432 105.803139
  27    H 105.128372 66.076454 107.510574
  28    H 118.716888 60.966270 105.332184
  29    C 120.667976 62.812805 105.698448
  30    C 121.444763 61.651604 105.914146
  31    C 121.011009 60.329945 106.255882
  32    C 122.856773 61.631619 105.893471
  33    C 122.220955 59.459614 106.260010
  34    O 119.826988 60.005508 106.331772
  35    C 123.321884 60.239075 106.021706
  36    C 123.711098 62.649273 105.738235
  37    C 122.372284 58.157413 106.646698
  38    C 124.605553 59.638550 106.143951
  39    C 123.335304 64.010399 105.742302
  40    C 125.123444 62.606152 105.657127
  41    C 123.591614 57.498112 106.758041
  42    H 121.498222 57.566059 106.927971
  43    C 124.714111 58.280075 106.463417
  44    H 125.502556 60.255684 106.010452
  45    N 123.062744 65.134102 105.776978
  46    N 126.248032 62.499615 105.644066
  47    H 123.750992 56.546711 107.023491
  48    H 125.764633 57.856293 106.585403
  49    H 121.198105 63.718388 105.393768
  50    C 103.440018 64.051277 107.185738
  51    C 102.494102 64.780090 107.914185
  52    C 102.644058 65.772690 109.048897
  53    C 101.027878 64.491737 107.931137
  54    C 101.351379 66.096222 109.557236
  55    O 103.716583 66.288437 109.388649
  56    C 100.378555 65.424767 108.831161
  57    C 100.343796 63.654251 107.089127
  58    C 101.061874 67.003983 110.539993
  59    C 99.004509 65.725960 109.118912
  60    C 100.874428 62.929306 106.076996
  61    C 98.961525 63.381359 107.077492
  62    C 99.686592 67.345688 110.760361
  63    H 101.834465 67.344971 111.158020
  64    C 98.637672 66.734558 110.044991
  65    H 98.201401 65.181664 108.726128
  66    N 101.383430 62.336990 105.214600
  67    N 97.827057 63.192616 106.947929
  68    H 99.601906 68.079323 111.557907
  69    H 97.600471 66.962921 110.122139
  70    H 103.070755 63.444958 106.445488
  71    C 114.780746 65.815483 107.848228
  72    C 113.945709 65.719246 108.917419
  73    C 116.099289 66.293922 108.007195
  74    C 114.457451 66.094963 110.152123
  75    H 112.994133 65.226852 108.802788
  76    C 116.607750 66.610992 109.283150
  77    H 116.740852 66.203575 107.121513
  78    C 115.736412 66.621117 110.329857
  79    H 113.900101 66.092262 111.040756
  80    H 117.672127 66.918999 109.433014
  81    C 109.363617 61.132584 107.421150
  82    C 110.391785 60.930294 108.319801
  83    C 108.141052 60.532093 107.655548
  84    C 110.284317 60.133804 109.429031
  85    H 111.351089 61.378536 108.104027
  86    C 108.038269 59.583744 108.724747
  87    H 107.369492 60.602291 106.857735
  88    C 109.128052 59.402863 109.596596
  89    H 111.101387 59.966343 110.098190
  90    H 107.114044 59.108479 108.946106
  91    C 109.363724 61.569611 104.934196
  92    C 110.429924 60.842216 104.353424
  93    C 108.105988 61.598835 104.412514
  94    C 110.209282 60.128601 103.184738
  95    H 111.345001 60.967651 104.741219
  96    C 107.909370 60.922119 103.224777
  97    H 107.331200 62.142014 104.901581
  98    C 108.919029 60.242214 102.603935
  99    H 110.974228 59.596588 102.674217
 100    H 106.933418 61.006611 102.791321
 101    C 114.608368 65.979836 105.300781
 102    C 115.772812 65.850838 104.527008
 103    C 113.664948 66.909279 104.905457
 104    C 116.022690 66.655800 103.430092
 105    H 116.557175 65.176430 104.916603
 106    C 113.816055 67.642868 103.709213
 107    H 112.850388 67.066872 105.626350
 108    C 115.012955 67.539452 103.009224
 109    H 117.061256 66.547913 102.959892
 110    H 112.965202 68.248589 103.414391
 111    C 108.719475 59.818218 101.202881
 112    H 108.941330 60.763203 100.632896
 113    H 109.401230 59.008846 100.905357
 114    C 107.324005 59.245708 100.988029
 115    H 106.534233 59.915123 101.242630
 116    H 107.257423 58.983273 99.931931
 117    C 107.120461 57.927410 101.738983
 118    H 108.046516 57.318661 101.712433
 119    H 107.058563 58.158352 102.826164
 120    C 116.335449 67.067154 111.608978
 121    H 115.747459 66.604324 112.393517
 122    H 117.295334 66.562759 111.701828
 123    C 116.293457 68.604866 111.846245
 124    H 115.248062 69.014244 111.973251
 125    H 116.772392 68.870598 112.842995
 126    C 117.184746 69.256607 110.864304
 127    H 118.047966 68.624794 110.804016
 128    H 117.527985 70.306557 111.113014
 129    C 115.162094 68.412308 101.759483
 130    H 116.062401 69.072899 101.842484
 131    H 115.317314 67.839416 100.868134
 132    C 113.835426 69.191399 101.441864
 133    H 114.005615 69.503761 100.445320
 134    H 112.862366 68.664597 101.534370
 135    C 113.762535 70.453163 102.255661
 136    H 113.195297 70.127968 103.201653
 137    H 114.737251 70.928070 102.403229
 138    C 109.056053 58.287262 110.592545
 139    H 110.114769 57.970642 110.691673
 140    H 108.632645 57.478912 110.059120
 141    C 108.552261 58.839188 111.968231
 142    H 107.472908 59.074356 111.765503
 143    H 108.595177 58.111923 112.808807
 144    C 109.445206 59.954391 112.505203
 145    H 109.419434 60.829998 111.794609
 146    H 110.392937 59.439972 112.755539
 147    C 116.569542 69.314522 109.470383
 148    H 116.649300 68.369705 108.878815
 149    H 115.462608 69.614677 109.421173
 150    C 108.796913 60.466469 113.795563
 151    H 107.747948 60.620125 113.696358
 152    H 109.020416 59.713989 114.553673
 153    C 112.982811 71.586418 101.582573
 154    H 113.384720 71.917587 100.697899
 155    H 111.957283 71.198723 101.374146
 156    C 105.758751 57.252392 101.348167
 157    H 105.458878 57.317333 100.263786
 158    H 105.644020 56.189449 101.657150
 159    C 112.972313 72.834503 102.462029
 160    H 112.438560 73.676216 101.912148
 161    H 113.986938 73.149643 102.633026
 162    C 109.446587 61.759167 114.211433
 163    H 109.843407 62.373302 113.358513
 164    H 110.346710 61.426727 114.862038
 165    C 117.240761 70.455505 108.709373
 166    H 118.244995 70.219933 108.583694
 167    H 117.153572 71.349442 109.352852
 168    C 104.755363 58.096127 102.094345
 169    H 105.104988 58.274181 103.122360
 170    H 104.824944 59.045849 101.474091
 171    C 116.506157 70.696976 107.360992
 172    H 116.801743 71.605820 106.905464
 173    H 116.730911 69.864372 106.748512
 174    H 115.361816 70.668800 107.469505
 175    C 108.621819 62.485340 115.269577
 176    H 108.401505 61.858078 116.165390
 177    H 109.294861 63.327114 115.638359
 178    H 107.770393 63.063221 114.942200
 179    C 112.465157 72.638481 103.884544
 180    H 112.495209 73.544762 104.550072
 181    H 111.474770 72.168968 103.904449
 182    H 113.166924 71.981834 104.348343
 183    C 103.351868 57.386196 102.111366
 184    H 102.831306 57.381268 101.129684
 185    H 103.576675 56.349789 102.402000
 186    H 102.644638 57.874508 102.801888
 187    C 115.043198 86.792915 100.606705
 188    C 114.782097 86.984894 101.968269
 189    C 115.003105 85.868614 102.829765
 190    C 115.466637 84.652382 102.406456
 191    C 115.766350 84.506302 101.024353
 192    C 115.550171 85.613892 100.168159
 193    H 114.927773 87.540085 99.834427
 194    H 115.554337 83.813438 103.081696
 195    C 114.361420 88.230339 102.693710
 196    C 114.254036 87.711960 104.088348
 197    C 114.621147 86.374115 104.136757
 198    C 113.957603 88.175293 105.366089
 199    C 114.207138 87.247406 106.426819
 200    S 114.568695 85.702133 105.732407
 201    C 116.229385 83.271408 100.284714
 202    C 116.231140 83.862595 98.826691
 203    C 115.966560 85.231560 98.849930
 204    C 116.630257 83.473335 97.535789
 205    C 116.569077 84.486130 96.626999
 206    S 115.902451 85.993065 97.373474
 207    C 114.187881 87.795219 107.735603
 208    S 113.437874 89.730057 106.015121
 209    S 117.223770 81.987549 96.716927
 210    C 116.871613 84.128181 95.331161
 211    C 113.824013 89.210129 107.670341
 212    C 117.395927 82.818825 95.160835
 213    H 114.490013 87.232681 108.606644
 214    H 116.964722 84.886681 94.584633
 215    C 117.928284 82.379524 93.930168
 216    C 118.428482 83.062332 92.838531
 217    C 118.753586 84.538330 92.676361
 218    C 118.927162 82.364891 91.649818
 219    C 119.260529 84.696564 91.303116
 220    O 118.594017 85.458946 93.467934
 221    C 119.276680 83.401588 90.646118
 222    C 118.854561 80.975113 91.348869
 223    C 119.686562 85.889656 90.632126
 224    C 119.674858 83.327469 89.255821
 225    C 118.361053 80.023125 92.281288
 226    C 119.360146 80.455536 90.201050
 227    C 120.031731 85.789169 89.252991
 228    H 119.791832 86.855309 91.129921
 229    C 119.943558 84.502434 88.577362
 230    H 119.764809 82.369736 88.715370
 231    N 117.940102 79.219238 93.063820
 232    N 119.814384 80.032867 89.224594
 233    H 120.409424 86.540871 88.653358
 234    H 120.196358 84.356644 87.485924
 235    H 117.935081 81.302231 93.769432
 236    C 113.854248 89.967918 108.869118
 237    C 114.224945 89.605736 110.165512
 238    C 114.807999 88.327560 110.535683
 239    C 114.233093 90.510063 111.325592
 240    C 115.224525 88.447853 111.940208
 241    O 115.026825 87.366463 109.817497
 242    C 114.954575 89.738876 112.377525
 243    C 113.847717 91.853714 111.523895
 244    C 115.856171 87.522041 112.642120
 245    C 115.291267 90.064598 113.704308
 246    C 113.295815 92.791962 110.556404
 247    C 114.204239 92.628471 112.670219
 248    C 116.193199 87.872299 113.959381
 249    H 116.139221 86.515404 112.371109
 250    C 115.947990 89.119896 114.458664
 251    H 115.123032 91.086281 114.111816
 252    N 112.731224 93.477867 109.780441
 253    N 114.496353 93.172134 113.679413
 254    H 116.727760 87.084045 114.461212
 255    H 116.385925 89.401825 115.426277
 256    H 113.588882 90.937561 108.700615
 257    C 115.124092 82.194290 100.380341
 258    C 114.420036 81.914551 101.580574
 259    C 114.980537 81.228859 99.365433
 260    C 113.640434 80.798698 101.806633
 261    H 114.621063 82.501167 102.467369
 262    C 114.110970 80.151695 99.532288
 263    H 115.618965 81.189835 98.453453
 264    C 113.478928 79.816490 100.749954
 265    H 113.162537 80.564117 102.689949
 266    H 114.081612 79.414803 98.704712
 267    C 112.983589 88.827469 102.291824
 268    C 112.577202 90.113564 102.716797
 269    C 112.097511 88.082191 101.510788
 270    C 111.402992 90.670662 102.230751
 271    H 113.150215 90.682152 103.389153
 272    C 110.878029 88.622681 101.072845
 273    H 112.301537 87.034599 101.317375
 274    C 110.504623 89.897758 101.539810
 275    H 111.095322 91.656837 102.498718
 276    H 110.223030 88.002869 100.450256
 277    C 115.478821 89.313698 102.607285
 278    C 115.679474 90.148796 103.702698
 279    C 116.227531 89.542519 101.438469
 280    C 116.677940 91.101318 103.748672
 281    H 115.109703 90.011612 104.591454
 282    C 117.152489 90.619575 101.387367
 283    H 116.072372 88.880386 100.653572
 284    C 117.428535 91.395004 102.596794
 285    H 116.851166 91.643829 104.638748
 286    H 117.633514 90.911514 100.410507
 287    C 117.657616 82.741913 100.593826
 288    C 118.728119 83.576393 100.895226
 289    C 117.949783 81.360512 100.483658
 290    C 120.033401 83.108932 101.208130
 291    H 118.606827 84.628143 100.780724
 292    C 119.268906 80.860832 100.797684
 293    H 117.123421 80.772308 100.078987
 294    C 120.321625 81.745354 101.195206
 295    H 120.883446 83.802757 101.434425
 296    H 119.570335 79.841660 100.665543
 297    C 118.370148 92.523117 102.601418
 298    H 118.506187 92.781784 101.544907
 299    H 117.813614 93.373192 102.928337
 300    C 119.653526 92.411507 103.356880
 301    H 119.370911 91.879578 104.320312
 302    H 120.373825 91.703392 102.980392
 303    C 120.194832 93.860397 103.656334
 304    H 119.354225 94.428062 104.168854
 305    H 120.934708 93.831184 104.426346
 306    C 112.665413 78.509453 100.859428
 307    H 112.611908 77.994972 99.926727
 308    H 113.462624 77.861351 101.387520
 309    C 111.411324 78.464211 101.709610
 310    H 110.608833 79.068222 101.241135
 311    H 111.021606 77.469673 101.835907
 312    C 111.828194 79.103058 103.047615
 313    H 111.922569 80.144157 103.004868
 314    H 112.767555 78.729416 103.519951
 315    C 121.764793 81.348297 101.307701
 316    H 121.878693 80.330887 100.863121
 317    H 122.306877 82.131401 100.700294
 318    C 122.170235 81.337006 102.743095
 319    H 121.542343 80.716446 103.362541
 320    H 123.248772 81.062057 102.877632
 321    C 122.175232 82.755936 103.184959
 322    H 122.569023 83.442253 102.418556
 323    H 121.110054 82.915810 103.220352
 324    C 109.200455 90.543945 101.132538
 325    H 109.353676 91.384560 100.508911
 326    H 108.786682 90.941864 102.058022
 327    C 108.311935 89.608429 100.387543
 328    H 107.521378 90.143875 99.950745
 329    H 108.936493 89.292694 99.556442
 330    C 107.917603 88.259018 101.169067
 331    H 108.808319 87.658440 101.469261
 332    H 107.272949 87.710815 100.518990
 333    C 110.705437 78.783089 103.992126
 334    H 110.839508 79.273163 104.936623
 335    H 109.746048 79.148880 103.509453
 336    C 107.075699 88.599533 102.386093
 337    H 107.670319 88.997688 103.203331
 338    H 106.371025 89.339226 102.058701
 339    C 122.872246 82.916504 104.536499
 340    H 123.946732 83.090645 104.316971
 341    H 122.524696 83.847153 105.023056
 342    C 120.637314 94.704224 102.444130
 343    H 121.541855 94.247932 102.110435
 344    H 119.889877 94.446701 101.673653
 345    C 122.728004 81.721634 105.513870
 346    H 121.661621 81.667831 105.698647
 347    H 123.128822 81.962341 106.472099
 348    C 106.254761 87.328262 102.807343
 349    H 105.935509 87.432159 103.835052
 350    H 106.812813 86.428314 102.811096
 351    C 110.721489 77.329285 104.464821
 352    H 111.712761 77.185547 104.916794
 353    H 110.584457 76.564476 103.673904
 354    C 120.521591 96.238190 102.554031
 355    H 119.534485 96.521767 102.792183
 356    H 121.222542 96.592728 103.273140
 357    C 109.534988 77.175156 105.431259
 358    H 109.517593 76.226128 105.994995
 359    H 109.345055 78.008789 106.122971
 360    H 108.704864 77.124222 104.773872
 361    C 104.991882 87.096634 101.917549
 362    H 104.527397 86.129158 102.078888
 363    H 104.354424 87.955414 102.095657
 364    H 105.321274 87.047302 100.909782
 365    C 123.150711 80.400345 104.976860
 366    H 124.202950 80.394859 104.757393
 367    H 122.770622 79.617325 105.621262
 368    H 122.653442 80.168129 104.019577
 369    C 121.039444 96.846642 101.329002
 370    H 121.305084 97.888878 101.540749
 371    H 121.884094 96.385498 100.960037
 372    H 120.305977 96.800636 100.572853


# ******** Extended Hueckel Parameters ********
;  FORMAT  quantum number orbital: Hii, <c1>, exponent1, <c2>, <exponent2>

ATOM: C   Atomic number: 6  # Valence Electrons: 4
	2S:   -21.4000     1.6250
	2P:   -11.4000     1.6250
ATOM: H   Atomic number: 1  # Valence Electrons: 1
	1S:   -13.6000     1.3000
ATOM: S   Atomic number: 16  # Valence Electrons: 6
	3S:   -20.0000     2.1220
	3P:   -11.0000     1.8270
ATOM: O   Atomic number: 8  # Valence Electrons: 6
	2S:   -32.3000     2.2750
	2P:   -14.8000     2.2750
ATOM: N   Atomic number: 7  # Valence Electrons: 5
	2S:   -26.0000     1.9500
	2P:   -13.4000     1.9500

; Number of orbitals
#Num_Orbitals: 996
